#
# A fatal error has been detected by the Java Runtime Environment:
#
#  SIGSEGV (0xb) at pc=0x89b6eac2, pid=4349, tid=2318011200
#
# JRE version: Java(TM) SE Runtime Environment (7.0_51-b13) (build 1.7.0_51-b13)
# Java VM: Java HotSpot(TM) Server VM (24.51-b03 mixed mode linux-x86 )
# Problematic frame:
# C  [libopenal.so+0x1bac2]  alcCreateContext+0xd2
#
# Failed to write core dump. Core dumps have been disabled. To enable core dumping, try "ulimit -c unlimited" before starting Java again
#
# If you would like to submit a bug report, please visit:
#   http://bugreport.sun.com/bugreport/crash.jsp
# The crash happened outside the Java Virtual Machine in native code.
# See problematic frame for where to report the bug.
#

---------------  T H R E A D  ---------------

Current thread (0x88a19800):  JavaThread "jME3 Audio Thread" daemon [_thread_in_native, id=4382, stack(0x8a250000,0x8a2a1000)]

siginfo:si_signo=SIGSEGV: si_errno=0, si_code=2 (SEGV_ACCERR), si_addr=0x8b1fa004

Registers:
EAX=0x8b1fa004, EBX=0x89ba2ff4, ECX=0x000000ff, EDX=0x00000001
ESP=0x8a29fc90, EBP=0x8b1f9ffc, ESI=0x8a139ac0, EDI=0x00000001
EIP=0x89b6eac2, EFLAGS=0x00210293, CR2=0x8b1fa004

Top of Stack: (sp=0x8a29fc90)
0x8a29fc90:   8ddb4da4 8ddb4d94 8ddb4d94 fffffffe
0x8a29fca0:   00000000 00000000 00000000 b35eab59
0x8a29fcb0:   00000008 b7080b68 8fa47a50 00000004
0x8a29fcc0:   00000000 909882ad 00014cd7 00000000
0x8a29fcd0:   0000000d 8ddb4d84 8a29fd9c b35f5314
0x8a29fce0:   b6ab388e 000000ff b6f57cb6 8a29fcfc
0x8a29fcf0:   b7117c18 8a2a0030 88dde6c0 8a29fd3c
0x8a29fd00:   b6ccf2ee 8a29fd28 00000004 0000ac44 

Instructions: (pc=0x89b6eac2)
0x89b6eaa2:   8d b6 00 00 00 00 8b 55 00 81 fa 11 10 00 00 74
0x89b6eab2:   3b 81 fa 03 00 02 00 75 07 8b 50 fc 89 54 24 78
0x89b6eac2:   8b 10 89 c5 83 c0 08 85 d2 74 3a 81 fa 07 10 00
0x89b6ead2:   00 75 d3 8b 50 fc 89 54 24 7c 83 8e cc 00 00 00 

Register to memory mapping:

EAX=0x8b1fa004 is an unknown value
EBX=0x89ba2ff4: <offset 0x4fff4> in /home/nicolas/git_repo/jm3_arkanoide/arkanoide/libopenal.so at 0x89b53000
ECX=0x000000ff is an unknown value
EDX=0x00000001 is an unknown value
ESP=0x8a29fc90 is pointing into the stack for thread: 0x88a19800
EBP=0x8b1f9ffc is an unknown value
ESI=0x8a139ac0 is an unknown value
EDI=0x00000001 is an unknown value


Stack: [0x8a250000,0x8a2a1000],  sp=0x8a29fc90,  free space=319k
Native frames: (J=compiled Java code, j=interpreted, Vv=VM code, C=native code)
C  [libopenal.so+0x1bac2]  alcCreateContext+0xd2

Java frames: (J=compiled Java code, j=interpreted, Vv=VM code)
j  org.lwjgl.openal.ALC10.nalcCreateContext(JJ)J+0
j  org.lwjgl.openal.ALC10.alcCreateContext(Lorg/lwjgl/openal/ALCdevice;Ljava/nio/IntBuffer;)Lorg/lwjgl/openal/ALCcontext;+8
j  org.lwjgl.openal.AL.init(Ljava/lang/String;IIZZ)V+69
j  org.lwjgl.openal.AL.create(Ljava/lang/String;IIZZ)V+227
j  org.lwjgl.openal.AL.create(Ljava/lang/String;IIZ)V+5
j  org.lwjgl.openal.AL.create()V+6
j  com.jme3.audio.lwjgl.LwjglAudioRenderer.initInThread()V+6
j  com.jme3.audio.lwjgl.LwjglAudioRenderer.run()V+1
j  java.lang.Thread.run()V+11
v  ~StubRoutines::call_stub

---------------  P R O C E S S  ---------------

Java Threads: ( => current thread )
=>0x88a19800 JavaThread "jME3 Audio Thread" daemon [_thread_in_native, id=4382, stack(0x8a250000,0x8a2a1000)]
  0x8d5d7400 JavaThread "process reaper" daemon [_thread_blocked, id=4378, stack(0x8a614000,0x8a62d000)]
  0xb6608000 JavaThread "DestroyJavaVM" [_thread_blocked, id=4354, stack(0xb67d8000,0xb6829000)]
  0x8d5cd400 JavaThread "LWJGL Renderer Thread" [_thread_blocked, id=4376, stack(0x8a4af000,0x8a500000)]
  0x8b169800 JavaThread "Image Fetcher 0" daemon [_thread_blocked, id=4375, stack(0x8a6f5000,0x8a746000)]
  0x8db07400 JavaThread "Timer-0" daemon [_thread_blocked, id=4371, stack(0x8d186000,0x8d1d7000)]
  0x8d59e000 JavaThread "AWT-EventQueue-0" [_thread_blocked, id=4370, stack(0x8d1d7000,0x8d228000)]
  0x8d59d400 JavaThread "AWT-Shutdown" [_thread_blocked, id=4369, stack(0x8d228000,0x8d279000)]
  0x8d59ac00 JavaThread "AWT-XAWT" daemon [_thread_in_native, id=4368, stack(0x8d279000,0x8d2ca000)]
  0x8d587400 JavaThread "Java2D Disposer" daemon [_thread_blocked, id=4367, stack(0x8d2ca000,0x8d31b000)]
  0x8df9a000 JavaThread "Service Thread" daemon [_thread_blocked, id=4365, stack(0x8d6fc000,0x8d74d000)]
  0x8df98400 JavaThread "C2 CompilerThread1" daemon [_thread_blocked, id=4364, stack(0x8d74d000,0x8d7ce000)]
  0x8df96400 JavaThread "C2 CompilerThread0" daemon [_thread_blocked, id=4363, stack(0x8dc2e000,0x8dcaf000)]
  0x8df94800 JavaThread "Signal Dispatcher" daemon [_thread_blocked, id=4362, stack(0x8dcaf000,0x8dd00000)]
  0x8df85000 JavaThread "Finalizer" daemon [_thread_blocked, id=4361, stack(0x8f72e000,0x8f77f000)]
  0x8df82800 JavaThread "Reference Handler" daemon [_thread_blocked, id=4360, stack(0x8de2e000,0x8de7f000)]

Other Threads:
  0x8df81000 VMThread [stack: 0x8de7f000,0x8df00000] [id=4359]
  0x8df9c000 WatcherThread [stack: 0x8d67b000,0x8d6fc000] [id=4366]

VM state:not at safepoint (normal execution)

VM Mutex/Monitor currently owned by a thread: None

Heap
 PSYoungGen      total 9472K, used 4703K [0xa8d80000, 0xaa000000, 0xb3500000)
  eden space 8192K, 41% used [0xa8d80000,0xa90da920,0xa9580000)
  from space 1280K, 99% used [0xa9ec0000,0xa9ffd358,0xaa000000)
  to   space 1280K, 0% used [0xa9580000,0xa9580000,0xa96c0000)
 ParOldGen       total 21248K, used 3749K [0x93f00000, 0x953c0000, 0xa8d80000)
  object space 21248K, 17% used [0x93f00000,0x942a95d0,0x953c0000)
 PSPermGen       total 16384K, used 12216K [0x8ff00000, 0x90f00000, 0x93f00000)
  object space 16384K, 74% used [0x8ff00000,0x90aee040,0x90f00000)

Card table byte_map: [0x8fde4000,0x8ff00000] byte_map_base: 0x8f964800

Polling page: 0xb773a000

Code Cache  [0xb35e2000, 0xb3822000, 0xb65e2000)
 total_blobs=374 nmethods=81 adapters=247 free_code_cache=48650Kb largest_free_block=49793280

Compilation events (10 events):
Event: 2,880 Thread 0x8df96400   77             sun.nio.cs.UTF_8$Decoder::decodeArrayLoop (543 bytes)
Event: 2,889 Thread 0x8df98400   78             java.util.regex.Matcher::reset (83 bytes)
Event: 2,891 Thread 0x8df98400 nmethod 78 0xb365bcc8 code [0xb365bdc0, 0xb365bef0]
Event: 2,904 Thread 0x8df98400   79             java.lang.String::startsWith (7 bytes)
Event: 2,907 Thread 0x8df98400 nmethod 79 0xb365ef88 code [0xb365f080, 0xb365f1d0]
Event: 2,907 Thread 0x8df98400   80             java.util.ArrayList::get (11 bytes)
Event: 2,907 Thread 0x8df96400 nmethod 77 0xb3663d88 code [0xb3663fa0, 0xb3664adc]
Event: 2,907 Thread 0x8df98400 nmethod 80 0xb365ed08 code [0xb365ee00, 0xb365ee90]
Event: 2,920 Thread 0x8df96400   81             sun.misc.MetaIndex::mayContain (51 bytes)
Event: 2,926 Thread 0x8df96400 nmethod 81 0xb365e748 code [0xb365e860, 0xb365eabc]

GC Heap History (4 events):
Event: 0,775 GC heap before
{Heap before GC invocations=1 (full 0):
 PSYoungGen      total 9472K, used 8192K [0xa8d80000, 0xa9800000, 0xb3500000)
  eden space 8192K, 100% used [0xa8d80000,0xa9580000,0xa9580000)
  from space 1280K, 0% used [0xa96c0000,0xa96c0000,0xa9800000)
  to   space 1280K, 0% used [0xa9580000,0xa9580000,0xa96c0000)
 ParOldGen       total 21248K, used 0K [0x93f00000, 0x953c0000, 0xa8d80000)
  object space 21248K, 0% used [0x93f00000,0x93f00000,0x953c0000)
 PSPermGen       total 16384K, used 8141K [0x8ff00000, 0x90f00000, 0x93f00000)
  object space 16384K, 49% used [0x8ff00000,0x906f3658,0x90f00000)
Event: 0,785 GC heap after
Heap after GC invocations=1 (full 0):
 PSYoungGen      total 9472K, used 1264K [0xa8d80000, 0xaa000000, 0xb3500000)
  eden space 8192K, 0% used [0xa8d80000,0xa8d80000,0xa9580000)
  from space 1280K, 98% used [0xa9580000,0xa96bc050,0xa96c0000)
  to   space 1280K, 0% used [0xa9ec0000,0xa9ec0000,0xaa000000)
 ParOldGen       total 21248K, used 1849K [0x93f00000, 0x953c0000, 0xa8d80000)
  object space 21248K, 8% used [0x93f00000,0x940ce718,0x953c0000)
 PSPermGen       total 16384K, used 8141K [0x8ff00000, 0x90f00000, 0x93f00000)
  object space 16384K, 49% used [0x8ff00000,0x906f3658,0x90f00000)
}
Event: 2,816 GC heap before
{Heap before GC invocations=2 (full 0):
 PSYoungGen      total 9472K, used 9456K [0xa8d80000, 0xaa000000, 0xb3500000)
  eden space 8192K, 100% used [0xa8d80000,0xa9580000,0xa9580000)
  from space 1280K, 98% used [0xa9580000,0xa96bc050,0xa96c0000)
  to   space 1280K, 0% used [0xa9ec0000,0xa9ec0000,0xaa000000)
 ParOldGen       total 21248K, used 1849K [0x93f00000, 0x953c0000, 0xa8d80000)
  object space 21248K, 8% used [0x93f00000,0x940ce718,0x953c0000)
 PSPermGen       total 16384K, used 11404K [0x8ff00000, 0x90f00000, 0x93f00000)
  object space 16384K, 69% used [0x8ff00000,0x90a230f8,0x90f00000)
Event: 2,823 GC heap after
Heap after GC invocations=2 (full 0):
 PSYoungGen      total 9472K, used 1268K [0xa8d80000, 0xaa000000, 0xb3500000)
  eden space 8192K, 0% used [0xa8d80000,0xa8d80000,0xa9580000)
  from space 1280K, 99% used [0xa9ec0000,0xa9ffd358,0xaa000000)
  to   space 1280K, 0% used [0xa9580000,0xa9580000,0xa96c0000)
 ParOldGen       total 21248K, used 3749K [0x93f00000, 0x953c0000, 0xa8d80000)
  object space 21248K, 17% used [0x93f00000,0x942a95d0,0x953c0000)
 PSPermGen       total 16384K, used 11404K [0x8ff00000, 0x90f00000, 0x93f00000)
  object space 16384K, 69% used [0x8ff00000,0x90a230f8,0x90f00000)
}

Deoptimization events (10 events):
Event: 0,514 Thread 0x8d59e000 Uncommon trap: reason=class_check action=maybe_recompile pc=0xb363b0fc method=java.util.Properties$LineReader.readLine()I @ 62
Event: 0,517 Thread 0x8d59e000 Uncommon trap: reason=class_check action=maybe_recompile pc=0xb363b0fc method=java.util.Properties$LineReader.readLine()I @ 62
Event: 0,519 Thread 0x8d59e000 Uncommon trap: reason=class_check action=maybe_recompile pc=0xb363b0fc method=java.util.Properties$LineReader.readLine()I @ 62
Event: 0,520 Thread 0x8d59e000 Uncommon trap: reason=class_check action=maybe_recompile pc=0xb363b0fc method=java.util.Properties$LineReader.readLine()I @ 62
Event: 0,748 Thread 0x8d59e000 Uncommon trap: reason=class_check action=maybe_recompile pc=0xb3639a10 method=java.lang.String.equals(Ljava/lang/Object;)Z @ 8
Event: 0,748 Thread 0x8d59e000 Uncommon trap: reason=class_check action=maybe_recompile pc=0xb3639a10 method=java.lang.String.equals(Ljava/lang/Object;)Z @ 8
Event: 0,748 Thread 0x8d59e000 Uncommon trap: reason=class_check action=maybe_recompile pc=0xb3639a10 method=java.lang.String.equals(Ljava/lang/Object;)Z @ 8
Event: 0,748 Thread 0x8d59e000 Uncommon trap: reason=class_check action=maybe_recompile pc=0xb3639a10 method=java.lang.String.equals(Ljava/lang/Object;)Z @ 8
Event: 2,202 Thread 0xb6608000 Uncommon trap: reason=unreached action=reinterpret pc=0xb364a750 method=java.lang.AbstractStringBuilder.append(Ljava/lang/String;)Ljava/lang/AbstractStringBuilder; @ 1
Event: 2,202 Thread 0xb6608000 Uncommon trap: reason=unreached action=reinterpret pc=0xb36415b4 method=java.lang.AbstractStringBuilder.append(Ljava/lang/String;)Ljava/lang/AbstractStringBuilder; @ 1

Internal exceptions (10 events):
Event: 2,939 Thread 0x88a19800 Threw 0xa90b8770 at /HUDSON/workspace/7u-2-build-linux-i586/jdk7u51/527/hotspot/src/share/vm/prims/jni.cpp:743
Event: 2,939 Thread 0x88a19800 Threw 0xa90b8be0 at /HUDSON/workspace/7u-2-build-linux-i586/jdk7u51/527/hotspot/src/share/vm/prims/jni.cpp:743
Event: 2,939 Thread 0x88a19800 Threw 0xa90b8fa8 at /HUDSON/workspace/7u-2-build-linux-i586/jdk7u51/527/hotspot/src/share/vm/prims/jni.cpp:743
Event: 2,939 Thread 0x88a19800 Threw 0xa90b9428 at /HUDSON/workspace/7u-2-build-linux-i586/jdk7u51/527/hotspot/src/share/vm/prims/jni.cpp:743
Event: 2,939 Thread 0x88a19800 Threw 0xa90b9920 at /HUDSON/workspace/7u-2-build-linux-i586/jdk7u51/527/hotspot/src/share/vm/prims/jni.cpp:743
Event: 2,940 Thread 0x88a19800 Threw 0xa90ba060 at /HUDSON/workspace/7u-2-build-linux-i586/jdk7u51/527/hotspot/src/share/vm/prims/jvm.cpp:1244
Event: 2,941 Thread 0x88a19800 Threw 0xa90bd0e0 at /HUDSON/workspace/7u-2-build-linux-i586/jdk7u51/527/hotspot/src/share/vm/prims/jvm.cpp:1244
Event: 2,950 Thread 0x88a19800 Threw 0xa90ca738 at /HUDSON/workspace/7u-2-build-linux-i586/jdk7u51/527/hotspot/src/share/vm/prims/jvm.cpp:1244
Event: 2,951 Thread 0x88a19800 Threw 0xa90cdc48 at /HUDSON/workspace/7u-2-build-linux-i586/jdk7u51/527/hotspot/src/share/vm/prims/jvm.cpp:1244
Event: 2,951 Thread 0x88a19800 Threw 0xa90d0b70 at /HUDSON/workspace/7u-2-build-linux-i586/jdk7u51/527/hotspot/src/share/vm/prims/jvm.cpp:1244

Events (10 events):
Event: 2,940 loading class 0x88a08f08
Event: 2,940 loading class 0x88a08f08 done
Event: 2,941 loading class 0x88a08f58
Event: 2,941 loading class 0x88a08f58 done
Event: 2,950 loading class 0x8b1edc10
Event: 2,950 loading class 0x8b1edc10 done
Event: 2,951 loading class 0x8b1b5eb8
Event: 2,951 loading class 0x8b1b5eb8 done
Event: 2,951 loading class 0x8b1edc40
Event: 2,951 loading class 0x8b1edc40 done


Dynamic libraries:
08048000-08049000 r-xp 00000000 08:06 164736     /home/nicolas/jmonkeyplatform/jdk/bin/java
08049000-0804a000 rw-p 00000000 08:06 164736     /home/nicolas/jmonkeyplatform/jdk/bin/java
09963000-09a02000 rw-p 00000000 00:00 0          [heap]
84086000-88087000 rw-s 00000000 00:12 231895     /run/shm/pulse-shm-4252894786
88087000-88088000 ---p 00000000 00:00 0 
88088000-88888000 rw-p 00000000 00:00 0 
88888000-889ee000 r-xp 00000000 08:06 266786     /usr/lib/i386-linux-gnu/libvorbisenc.so.2.0.8
889ee000-889ff000 r--p 00165000 08:06 266786     /usr/lib/i386-linux-gnu/libvorbisenc.so.2.0.8
889ff000-88a00000 rw-p 00176000 08:06 266786     /usr/lib/i386-linux-gnu/libvorbisenc.so.2.0.8
88a00000-88a63000 rw-p 00000000 00:00 0 
88a63000-88b00000 ---p 00000000 00:00 0 
88b81000-88d00000 rw-p 00000000 00:00 0 
88d00000-88dff000 rw-p 00000000 00:00 0 
88dff000-88e00000 ---p 00000000 00:00 0 
88eb2000-88efe000 r-xp 00000000 08:06 261870     /usr/lib/i386-linux-gnu/libFLAC.so.8.2.0
88efe000-88eff000 r--p 0004b000 08:06 261870     /usr/lib/i386-linux-gnu/libFLAC.so.8.2.0
88eff000-88f00000 rw-p 0004c000 08:06 261870     /usr/lib/i386-linux-gnu/libFLAC.so.8.2.0
88f00000-88ff9000 rw-p 00000000 00:00 0 
88ff9000-89000000 ---p 00000000 00:00 0 
89024000-89090000 r-xp 00000000 08:06 266721     /usr/lib/i386-linux-gnu/libsndfile.so.1.0.25
89090000-89091000 r--p 0006c000 08:06 266721     /usr/lib/i386-linux-gnu/libsndfile.so.1.0.25
89091000-89092000 rw-p 0006d000 08:06 266721     /usr/lib/i386-linux-gnu/libsndfile.so.1.0.25
89092000-89096000 rw-p 00000000 00:00 0 
89096000-890f9000 r-xp 00000000 08:06 270389     /usr/lib/i386-linux-gnu/libpulsecommon-1.1.so
890f9000-890fa000 r--p 00062000 08:06 270389     /usr/lib/i386-linux-gnu/libpulsecommon-1.1.so
890fa000-890fb000 rw-p 00063000 08:06 270389     /usr/lib/i386-linux-gnu/libpulsecommon-1.1.so
890fb000-89a00000 rw-p 00000000 00:00 0 
89a00000-89aff000 rw-p 00000000 00:00 0 
89aff000-89b00000 ---p 00000000 00:00 0 
89b49000-89b51000 r-xp 00000000 08:06 1440012    /lib/i386-linux-gnu/libwrap.so.0.7.6
89b51000-89b52000 r--p 00007000 08:06 1440012    /lib/i386-linux-gnu/libwrap.so.0.7.6
89b52000-89b53000 rw-p 00008000 08:06 1440012    /lib/i386-linux-gnu/libwrap.so.0.7.6
89b53000-89ba1000 r-xp 00000000 08:06 162707     /home/nicolas/git_repo/jm3_arkanoide/arkanoide/libopenal.so
89ba1000-89ba3000 r--p 0004d000 08:06 162707     /home/nicolas/git_repo/jm3_arkanoide/arkanoide/libopenal.so
89ba3000-89ba4000 rw-p 0004f000 08:06 162707     /home/nicolas/git_repo/jm3_arkanoide/arkanoide/libopenal.so
89ba4000-89c7c000 r-xp 00000000 08:06 266743     /usr/lib/i386-linux-gnu/libstdc++.so.6.0.16
89c7c000-89c7d000 ---p 000d8000 08:06 266743     /usr/lib/i386-linux-gnu/libstdc++.so.6.0.16
89c7d000-89c81000 r--p 000d8000 08:06 266743     /usr/lib/i386-linux-gnu/libstdc++.so.6.0.16
89c81000-89c82000 rw-p 000dc000 08:06 266743     /usr/lib/i386-linux-gnu/libstdc++.so.6.0.16
89c82000-89c89000 rw-p 00000000 00:00 0 
89c89000-89d9e000 r-xp 00000000 08:06 263026     /usr/lib/i386-linux-gnu/dri/libglsl.so
89d9e000-89da3000 r--p 00114000 08:06 263026     /usr/lib/i386-linux-gnu/dri/libglsl.so
89da3000-89da5000 rw-p 00119000 08:06 263026     /usr/lib/i386-linux-gnu/dri/libglsl.so
89da5000-89da6000 rw-p 00000000 00:00 0 
89da6000-8a002000 r-xp 00000000 08:06 263022     /usr/lib/i386-linux-gnu/dri/libdricore.so
8a002000-8a003000 ---p 0025c000 08:06 263022     /usr/lib/i386-linux-gnu/dri/libdricore.so
8a003000-8a009000 r--p 0025c000 08:06 263022     /usr/lib/i386-linux-gnu/dri/libdricore.so
8a009000-8a00b000 rw-p 00262000 08:06 263022     /usr/lib/i386-linux-gnu/dri/libdricore.so
8a00b000-8a020000 rw-p 00000000 00:00 0 
8a020000-8a0fb000 r-xp 00000000 08:06 263028     /usr/lib/i386-linux-gnu/dri/i965_dri.so
8a0fb000-8a0fd000 r--p 000da000 08:06 263028     /usr/lib/i386-linux-gnu/dri/i965_dri.so
8a0fd000-8a0ff000 rw-p 000dc000 08:06 263028     /usr/lib/i386-linux-gnu/dri/i965_dri.so
8a0ff000-8a100000 rw-p 00000000 00:00 0 
8a100000-8a15a000 rw-p 00000000 00:00 0 
8a15a000-8a200000 ---p 00000000 00:00 0 
8a202000-8a24e000 r-xp 00000000 08:06 266663     /usr/lib/i386-linux-gnu/libpulse.so.0.13.5
8a24e000-8a24f000 r--p 0004b000 08:06 266663     /usr/lib/i386-linux-gnu/libpulse.so.0.13.5
8a24f000-8a250000 rw-p 0004c000 08:06 266663     /usr/lib/i386-linux-gnu/libpulse.so.0.13.5
8a250000-8a253000 ---p 00000000 00:00 0 
8a253000-8a2a1000 rw-p 00000000 00:00 0 
8a2a1000-8a2c2000 r-xp 00000000 08:06 261905     /usr/lib/i386-linux-gnu/libdrm_intel.so.1.0.0
8a2c2000-8a2c3000 r--p 00020000 08:06 261905     /usr/lib/i386-linux-gnu/libdrm_intel.so.1.0.0
8a2c3000-8a2c4000 rw-p 00021000 08:06 261905     /usr/lib/i386-linux-gnu/libdrm_intel.so.1.0.0
8a2c4000-8a3c4000 rw-s 00000000 00:04 21561385   /SYSV00000000 (deleted)
8a3c5000-8a3ca000 r-xp 00000000 08:06 266273     /usr/lib/i386-linux-gnu/libasyncns.so.0.3.1
8a3ca000-8a3cb000 r--p 00004000 08:06 266273     /usr/lib/i386-linux-gnu/libasyncns.so.0.3.1
8a3cb000-8a3cc000 rw-p 00005000 08:06 266273     /usr/lib/i386-linux-gnu/libasyncns.so.0.3.1
8a3cc000-8a3e2000 r-xp 00000000 08:06 263321     /usr/lib/i386-linux-gnu/libxcb-glx.so.0.0.0
8a3e2000-8a3e3000 r--p 00016000 08:06 263321     /usr/lib/i386-linux-gnu/libxcb-glx.so.0.0.0
8a3e3000-8a3e4000 rw-p 00017000 08:06 263321     /usr/lib/i386-linux-gnu/libxcb-glx.so.0.0.0
8a3e4000-8a3f3000 r-xp 00000000 08:06 262470     /usr/lib/i386-linux-gnu/libglapi.so.0.0.0
8a3f3000-8a3f5000 r--p 0000f000 08:06 262470     /usr/lib/i386-linux-gnu/libglapi.so.0.0.0
8a3f5000-8a3fa000 rwxp 00011000 08:06 262470     /usr/lib/i386-linux-gnu/libglapi.so.0.0.0
8a3fa000-8a44c000 r-xp 00000000 08:06 263301     /usr/lib/i386-linux-gnu/mesa/libGL.so.1.2
8a44c000-8a44e000 r--p 00051000 08:06 263301     /usr/lib/i386-linux-gnu/mesa/libGL.so.1.2
8a44e000-8a453000 rwxp 00053000 08:06 263301     /usr/lib/i386-linux-gnu/mesa/libGL.so.1.2
8a453000-8a4ad000 r-xp 00000000 08:06 162706     /home/nicolas/git_repo/jm3_arkanoide/arkanoide/liblwjgl.so
8a4ad000-8a4ae000 r--p 0005a000 08:06 162706     /home/nicolas/git_repo/jm3_arkanoide/arkanoide/liblwjgl.so
8a4ae000-8a4af000 rw-p 0005b000 08:06 162706     /home/nicolas/git_repo/jm3_arkanoide/arkanoide/liblwjgl.so
8a4af000-8a4b2000 ---p 00000000 00:00 0 
8a4b2000-8a500000 rw-p 00000000 00:00 0 
8a500000-8a5fc000 rw-p 00000000 00:00 0 
8a5fc000-8a600000 ---p 00000000 00:00 0 
8a600000-8a607000 r-xp 00000000 08:06 262752     /usr/lib/i386-linux-gnu/libjson.so.0.0.1
8a607000-8a608000 r--p 00006000 08:06 262752     /usr/lib/i386-linux-gnu/libjson.so.0.0.1
8a608000-8a609000 rw-p 00007000 08:06 262752     /usr/lib/i386-linux-gnu/libjson.so.0.0.1
8a609000-8a612000 r-xp 00000000 08:06 262037     /usr/lib/i386-linux-gnu/libpciaccess.so.0.11.0
8a612000-8a613000 r--p 00008000 08:06 262037     /usr/lib/i386-linux-gnu/libpciaccess.so.0.11.0
8a613000-8a614000 rw-p 00009000 08:06 262037     /usr/lib/i386-linux-gnu/libpciaccess.so.0.11.0
8a614000-8a617000 ---p 00000000 00:00 0 
8a617000-8a62d000 rw-p 00000000 00:00 0 
8a62d000-8a68d000 rw-s 00000000 00:04 21528616   /SYSV00000000 (deleted)
8a68d000-8a6ed000 r-xp 00000000 08:06 575829     /home/nicolas/jmonkeyplatform/jdk/jre/lib/i386/libt2k.so
8a6ed000-8a6f1000 rw-p 0005f000 08:06 575829     /home/nicolas/jmonkeyplatform/jdk/jre/lib/i386/libt2k.so
8a6f1000-8a6f5000 rw-p 00000000 00:00 0 
8a6f5000-8a6f8000 ---p 00000000 00:00 0 
8a6f8000-8a746000 rw-p 00000000 00:00 0 
8a746000-8a747000 ---p 00000000 00:00 0 
8a747000-8af47000 rw-p 00000000 00:00 0 
8af47000-8af61000 r-xp 00000000 08:06 266360     /usr/lib/i386-linux-gnu/libdbusmenu-glib.so.4.0.13
8af61000-8af62000 r--p 00019000 08:06 266360     /usr/lib/i386-linux-gnu/libdbusmenu-glib.so.4.0.13
8af62000-8af63000 rw-p 0001a000 08:06 266360     /usr/lib/i386-linux-gnu/libdbusmenu-glib.so.4.0.13
8af63000-8af74000 r-xp 00000000 08:06 263297     /usr/lib/i386-linux-gnu/libdbusmenu-gtk.so.4.0.13
8af74000-8af75000 r--p 00010000 08:06 263297     /usr/lib/i386-linux-gnu/libdbusmenu-gtk.so.4.0.13
8af75000-8af76000 rw-p 00011000 08:06 263297     /usr/lib/i386-linux-gnu/libdbusmenu-gtk.so.4.0.13
8af7a000-8af8b000 r--p 00000000 08:06 543132     /usr/share/locale-langpack/es/LC_MESSAGES/pulseaudio.mo
8af8b000-8af99000 r-xp 00000000 08:06 1439037    /lib/i386-linux-gnu/libudev.so.0.13.0
8af99000-8af9a000 r--p 0000e000 08:06 1439037    /lib/i386-linux-gnu/libudev.so.0.13.0
8af9a000-8af9b000 rw-p 0000f000 08:06 1439037    /lib/i386-linux-gnu/libudev.so.0.13.0
8af9b000-8afe2000 r-xp 00000000 08:06 1457784    /lib/i386-linux-gnu/libdbus-1.so.3.5.8
8afe2000-8afe3000 ---p 00047000 08:06 1457784    /lib/i386-linux-gnu/libdbus-1.so.3.5.8
8afe3000-8afe4000 r--p 00047000 08:06 1457784    /lib/i386-linux-gnu/libdbus-1.so.3.5.8
8afe4000-8afe5000 rw-p 00048000 08:06 1457784    /lib/i386-linux-gnu/libdbus-1.so.3.5.8
8afe5000-8afe6000 rwxp 00000000 00:00 0 
8afe6000-8aff1000 r-xp 00000000 08:06 265513     /usr/lib/i386-linux-gnu/libdrm.so.2.4.0
8aff1000-8aff2000 r--p 0000a000 08:06 265513     /usr/lib/i386-linux-gnu/libdrm.so.2.4.0
8aff2000-8aff3000 rw-p 0000b000 08:06 265513     /usr/lib/i386-linux-gnu/libdrm.so.2.4.0
8aff3000-8aff8000 r-xp 00000000 08:06 263047     /usr/lib/i386-linux-gnu/gtk-2.0/2.10.0/menuproxies/libappmenu.so
8aff8000-8aff9000 r--p 00004000 08:06 263047     /usr/lib/i386-linux-gnu/gtk-2.0/2.10.0/menuproxies/libappmenu.so
8aff9000-8affa000 rw-p 00005000 08:06 263047     /usr/lib/i386-linux-gnu/gtk-2.0/2.10.0/menuproxies/libappmenu.so
8affa000-8b00f000 r-xp 00000000 08:06 262064     /usr/lib/i386-linux-gnu/gvfs/libgvfscommon.so
8b00f000-8b010000 r--p 00014000 08:06 262064     /usr/lib/i386-linux-gnu/gvfs/libgvfscommon.so
8b010000-8b011000 rw-p 00015000 08:06 262064     /usr/lib/i386-linux-gnu/gvfs/libgvfscommon.so
8b011000-8b055000 r-xp 00000000 08:06 266541     /usr/lib/i386-linux-gnu/libibus-1.0.so.0.401.0
8b055000-8b056000 r--p 00043000 08:06 266541     /usr/lib/i386-linux-gnu/libibus-1.0.so.0.401.0
8b056000-8b057000 rw-p 00044000 08:06 266541     /usr/lib/i386-linux-gnu/libibus-1.0.so.0.401.0
8b057000-8b0a9000 r--p 00000000 08:06 789302     /usr/share/fonts/truetype/ttf-dejavu/DejaVuSansMono.ttf
8b0a9000-8b100000 r--p 00000000 08:06 789331     /usr/share/fonts/truetype/ubuntu-font-family/Ubuntu-R.ttf
8b100000-8b1fa000 rw-p 00000000 00:00 0 
8b1fa000-8b200000 ---p 00000000 00:00 0 
8b200000-8b204000 r-xp 00000000 08:06 263959     /usr/lib/i386-linux-gnu/libXxf86vm.so.1.0.0
8b204000-8b205000 r--p 00003000 08:06 263959     /usr/lib/i386-linux-gnu/libXxf86vm.so.1.0.0
8b205000-8b206000 rw-p 00004000 08:06 263959     /usr/lib/i386-linux-gnu/libXxf86vm.so.1.0.0
8b206000-8b20c000 r--p 00000000 08:06 537828     /usr/share/locale-langpack/es/LC_MESSAGES/gdk-pixbuf.mo
8b20c000-8b235000 r-xp 00000000 08:06 262066     /usr/lib/i386-linux-gnu/gio/modules/libgvfsdbus.so
8b235000-8b236000 r--p 00028000 08:06 262066     /usr/lib/i386-linux-gnu/gio/modules/libgvfsdbus.so
8b236000-8b237000 rw-p 00029000 08:06 262066     /usr/lib/i386-linux-gnu/gio/modules/libgvfsdbus.so
8b237000-8b23d000 r-xp 00000000 08:06 267303     /usr/lib/i386-linux-gnu/gtk-2.0/2.10.0/immodules/im-ibus.so
8b23d000-8b23e000 r--p 00005000 08:06 267303     /usr/lib/i386-linux-gnu/gtk-2.0/2.10.0/immodules/im-ibus.so
8b23e000-8b23f000 rw-p 00006000 08:06 267303     /usr/lib/i386-linux-gnu/gtk-2.0/2.10.0/immodules/im-ibus.so
8b23f000-8b241000 r-xp 00000000 08:06 267507     /usr/lib/i386-linux-gnu/pango/1.6.0/modules/pango-basic-fc.so
8b241000-8b242000 r--p 00001000 08:06 267507     /usr/lib/i386-linux-gnu/pango/1.6.0/modules/pango-basic-fc.so
8b242000-8b243000 rw-p 00002000 08:06 267507     /usr/lib/i386-linux-gnu/pango/1.6.0/modules/pango-basic-fc.so
8b243000-8b244000 r--s 00000000 08:06 409378     /var/cache/fontconfig/c05880de57d1f5e948fdfacc138775d9-le32d4.cache-3
8b244000-8b24a000 r--s 00000000 08:06 403145     /var/cache/fontconfig/945677eb7aeaf62f1d50efc3fb3ec7d8-le32d4.cache-3
8b24a000-8b24c000 r--s 00000000 08:06 409374     /var/cache/fontconfig/99e8ed0e538f840c565b6ed5dad60d56-le32d4.cache-3
8b24c000-8b24f000 r--s 00000000 08:06 409372     /var/cache/fontconfig/2cd17615ca594fa2959ae173292e504c-le32d4.cache-3
8b24f000-8b250000 r--s 00000000 08:06 409370     /var/cache/fontconfig/e7071f4a29fa870f4323321c154eba04-le32d4.cache-3
8b250000-8b251000 r--s 00000000 08:06 409368     /var/cache/fontconfig/0d8c3b2ac0904cb8a57a757ad11a4a08-le32d4.cache-3
8b251000-8b255000 r--s 00000000 08:06 409366     /var/cache/fontconfig/a755afe4a08bf5b97852ceb7400b47bc-le32d4.cache-3
8b255000-8b25c000 r--s 00000000 08:06 452031     /var/cache/fontconfig/6d41288fd70b0be22e8c3a91e032eec0-le32d4.cache-3
8b25c000-8b267000 r--s 00000000 08:06 409362     /var/cache/fontconfig/04aabc0a78ac019cf9454389977116d2-le32d4.cache-3
8b267000-8b289000 r--s 00000000 08:06 403122     /var/cache/fontconfig/365b55f210c0a22e9a19e35191240f32-le32d4.cache-3
8b289000-8b28d000 r--s 00000000 08:06 403133     /var/cache/fontconfig/b47c4e1ecd0709278f4910c18777a504-le32d4.cache-3
8b28d000-8b29a000 r--s 00000000 08:06 403131     /var/cache/fontconfig/d52a8644073d54c13679302ca1180695-le32d4.cache-3
8b29a000-8b2b3000 r--s 00000000 08:06 789404     /usr/share/fonts/type1/gsfonts/n021003l.pfb
8b2b3000-8b2c9000 r--s 00000000 08:06 789413     /usr/share/fonts/type1/gsfonts/n021024l.pfb
8b2c9000-8b2df000 r--s 00000000 08:06 789422     /usr/share/fonts/type1/gsfonts/n022023l.pfb
8b2df000-8b2f6000 r--s 00000000 08:06 789410     /usr/share/fonts/type1/gsfonts/n021023l.pfb
8b2f6000-8b300000 r--s 00000000 08:06 789446     /usr/share/fonts/type1/mathml/Symbol.pfb
8b300000-8b3d5000 rw-p 00000000 00:00 0 
8b3d5000-8b400000 ---p 00000000 00:00 0 
8b400000-8b401000 r-xp 00000000 08:06 263034     /usr/lib/i386-linux-gnu/libX11-xcb.so.1.0.0
8b401000-8b402000 r--p 00000000 08:06 263034     /usr/lib/i386-linux-gnu/libX11-xcb.so.1.0.0
8b402000-8b403000 rw-p 00001000 08:06 263034     /usr/lib/i386-linux-gnu/libX11-xcb.so.1.0.0
8b403000-8b414000 r--s 00000000 08:06 789386     /usr/share/fonts/type1/gsfonts/n019023l.pfb
8b414000-8b428000 r--s 00000000 08:06 789380     /usr/share/fonts/type1/gsfonts/n019003l.pfb
8b428000-8b43d000 r-xp 00000000 08:06 575803     /home/nicolas/jmonkeyplatform/jdk/jre/lib/i386/libnet.so
8b43d000-8b43e000 rw-p 00014000 08:06 575803     /home/nicolas/jmonkeyplatform/jdk/jre/lib/i386/libnet.so
8b43e000-8b45a000 r-xp 00000000 08:06 1439924    /lib/i386-linux-gnu/libgcc_s.so.1
8b45a000-8b45b000 r--p 0001b000 08:06 1439924    /lib/i386-linux-gnu/libgcc_s.so.1
8b45b000-8b45c000 rw-p 0001c000 08:06 1439924    /lib/i386-linux-gnu/libgcc_s.so.1
8b45c000-8b4bd000 r-xp 00000000 08:06 575758     /home/nicolas/jmonkeyplatform/jdk/jre/lib/i386/libfontmanager.so
8b4bd000-8b4c0000 rw-p 00060000 08:06 575758     /home/nicolas/jmonkeyplatform/jdk/jre/lib/i386/libfontmanager.so
8b4c0000-8b4c4000 rw-p 00000000 00:00 0 
8b4c4000-8b4ca000 r-xp 00000000 08:06 266626     /usr/lib/i386-linux-gnu/libogg.so.0.7.1
8b4ca000-8b4cb000 r--p 00005000 08:06 266626     /usr/lib/i386-linux-gnu/libogg.so.0.7.1
8b4cb000-8b4cc000 rw-p 00006000 08:06 266626     /usr/lib/i386-linux-gnu/libogg.so.0.7.1
8b4cc000-8b4f5000 r-xp 00000000 08:06 266784     /usr/lib/i386-linux-gnu/libvorbis.so.0.4.5
8b4f5000-8b4f6000 r--p 00028000 08:06 266784     /usr/lib/i386-linux-gnu/libvorbis.so.0.4.5
8b4f6000-8b4f7000 rw-p 00029000 08:06 266784     /usr/lib/i386-linux-gnu/libvorbis.so.0.4.5
8b4f7000-8b4ff000 r-xp 00000000 08:06 266583     /usr/lib/i386-linux-gnu/libltdl.so.7.3.0
8b4ff000-8b500000 r--p 00008000 08:06 266583     /usr/lib/i386-linux-gnu/libltdl.so.7.3.0
8b500000-8b501000 rw-p 00009000 08:06 266583     /usr/lib/i386-linux-gnu/libltdl.so.7.3.0
8b501000-8b512000 r-xp 00000000 08:06 266751     /usr/lib/i386-linux-gnu/libtdb.so.1.2.9
8b512000-8b513000 r--p 00010000 08:06 266751     /usr/lib/i386-linux-gnu/libtdb.so.1.2.9
8b513000-8b514000 rw-p 00011000 08:06 266751     /usr/lib/i386-linux-gnu/libtdb.so.1.2.9
8b514000-8b51c000 r-xp 00000000 08:06 266788     /usr/lib/i386-linux-gnu/libvorbisfile.so.3.3.4
8b51c000-8b51d000 r--p 00007000 08:06 266788     /usr/lib/i386-linux-gnu/libvorbisfile.so.3.3.4
8b51d000-8b51e000 rw-p 00008000 08:06 266788     /usr/lib/i386-linux-gnu/libvorbisfile.so.3.3.4
8b51e000-8b52d000 r-xp 00000000 08:06 266321     /usr/lib/i386-linux-gnu/libcanberra.so.0.2.5
8b52d000-8b52e000 r--p 0000e000 08:06 266321     /usr/lib/i386-linux-gnu/libcanberra.so.0.2.5
8b52e000-8b52f000 rw-p 0000f000 08:06 266321     /usr/lib/i386-linux-gnu/libcanberra.so.0.2.5
8b52f000-8b530000 r-xp 00000000 08:06 575759     /home/nicolas/jmonkeyplatform/jdk/jre/lib/i386/libjawt.so
8b530000-8b531000 rw-p 00000000 08:06 575759     /home/nicolas/jmonkeyplatform/jdk/jre/lib/i386/libjawt.so
8b531000-8b535000 r--s 00000000 08:06 403149     /var/cache/fontconfig/3047814df9a2f067bd2d96a2b9c36e5a-le32d4.cache-3
8b535000-8b543000 r-xp 00000000 08:06 575777     /home/nicolas/jmonkeyplatform/jdk/jre/lib/i386/libnio.so
8b543000-8b544000 rw-p 0000e000 08:06 575777     /home/nicolas/jmonkeyplatform/jdk/jre/lib/i386/libnio.so
8b544000-8b579000 r-xp 00000000 08:06 267296     /usr/lib/i386-linux-gnu/gtk-2.0/2.10.0/engines/libmurrine.so
8b579000-8b57a000 r--p 00034000 08:06 267296     /usr/lib/i386-linux-gnu/gtk-2.0/2.10.0/engines/libmurrine.so
8b57a000-8b57b000 rw-p 00035000 08:06 267296     /usr/lib/i386-linux-gnu/gtk-2.0/2.10.0/engines/libmurrine.so
8b57b000-8b57c000 ---p 00000000 00:00 0 
8b57c000-8bd7c000 rw-p 00000000 00:00 0 
8bd7c000-8bda6000 r--p 00000000 08:06 537636     /usr/share/locale-langpack/es/LC_MESSAGES/gtk20-properties.mo
8bda6000-8bda7000 ---p 00000000 00:00 0 
8bda7000-8c5a7000 rw-p 00000000 00:00 0 
8c5a7000-8c5ae000 r-xp 00000000 08:06 267159     /usr/lib/i386-linux-gnu/gio/modules/libdconfsettings.so
8c5ae000-8c5af000 r--p 00006000 08:06 267159     /usr/lib/i386-linux-gnu/gio/modules/libdconfsettings.so
8c5af000-8c5b0000 rw-p 00007000 08:06 267159     /usr/lib/i386-linux-gnu/gio/modules/libdconfsettings.so
8c5b0000-8c5dd000 r--p 00000000 08:06 788150     /usr/share/glib-2.0/schemas/gschemas.compiled
8c5dd000-8c5f5000 r--p 00000000 08:06 537592     /usr/share/locale-langpack/es/LC_MESSAGES/glib20.mo
8c5f5000-8c605000 r-xp 00000000 08:06 264681     /usr/lib/liboverlay-scrollbar-0.2.so.0.0.16
8c605000-8c606000 r--p 0000f000 08:06 264681     /usr/lib/liboverlay-scrollbar-0.2.so.0.0.16
8c606000-8c607000 rw-p 00010000 08:06 264681     /usr/lib/liboverlay-scrollbar-0.2.so.0.0.16
8c607000-8c641000 r-xp 00000000 08:06 1463881    /lib/i386-linux-gnu/libpcre.so.3.12.1
8c641000-8c642000 r--p 00039000 08:06 1463881    /lib/i386-linux-gnu/libpcre.so.3.12.1
8c642000-8c643000 rw-p 0003a000 08:06 1463881    /lib/i386-linux-gnu/libpcre.so.3.12.1
8c643000-8c669000 r-xp 00000000 08:06 1439975    /lib/i386-linux-gnu/libexpat.so.1.5.2
8c669000-8c66a000 ---p 00026000 08:06 1439975    /lib/i386-linux-gnu/libexpat.so.1.5.2
8c66a000-8c66c000 r--p 00026000 08:06 1439975    /lib/i386-linux-gnu/libexpat.so.1.5.2
8c66c000-8c66d000 rw-p 00028000 08:06 1439975    /lib/i386-linux-gnu/libexpat.so.1.5.2
8c66d000-8c680000 r-xp 00000000 08:06 1482412    /lib/i386-linux-gnu/libresolv-2.15.so
8c680000-8c681000 ---p 00013000 08:06 1482412    /lib/i386-linux-gnu/libresolv-2.15.so
8c681000-8c682000 r--p 00013000 08:06 1482412    /lib/i386-linux-gnu/libresolv-2.15.so
8c682000-8c683000 rw-p 00014000 08:06 1482412    /lib/i386-linux-gnu/libresolv-2.15.so
8c683000-8c685000 rw-p 00000000 00:00 0 
8c685000-8c6a2000 r-xp 00000000 08:06 1439991    /lib/i386-linux-gnu/libselinux.so.1
8c6a2000-8c6a3000 r--p 0001c000 08:06 1439991    /lib/i386-linux-gnu/libselinux.so.1
8c6a3000-8c6a4000 rw-p 0001d000 08:06 1439991    /lib/i386-linux-gnu/libselinux.so.1
8c6a4000-8c6b8000 r-xp 00000000 08:06 1440014    /lib/i386-linux-gnu/libz.so.1.2.3.4
8c6b8000-8c6b9000 r--p 00013000 08:06 1440014    /lib/i386-linux-gnu/libz.so.1.2.3.4
8c6b9000-8c6ba000 rw-p 00014000 08:06 1440014    /lib/i386-linux-gnu/libz.so.1.2.3.4
8c6ba000-8c6e2000 r-xp 00000000 08:06 1439980    /lib/i386-linux-gnu/libpng12.so.0.46.0
8c6e2000-8c6e3000 r--p 00027000 08:06 1439980    /lib/i386-linux-gnu/libpng12.so.0.46.0
8c6e3000-8c6e4000 rw-p 00028000 08:06 1439980    /lib/i386-linux-gnu/libpng12.so.0.46.0
8c6e4000-8c779000 r-xp 00000000 08:06 266586     /usr/lib/i386-linux-gnu/libpixman-1.so.0.30.2
8c779000-8c77e000 r--p 00095000 08:06 266586     /usr/lib/i386-linux-gnu/libpixman-1.so.0.30.2
8c77e000-8c77f000 rw-p 0009a000 08:06 266586     /usr/lib/i386-linux-gnu/libpixman-1.so.0.30.2
8c77f000-8c815000 r-xp 00000000 08:06 286906     /usr/lib/i386-linux-gnu/libfreetype.so.6.8.0
8c815000-8c819000 r--p 00095000 08:06 286906     /usr/lib/i386-linux-gnu/libfreetype.so.6.8.0
8c819000-8c81a000 rw-p 00099000 08:06 286906     /usr/lib/i386-linux-gnu/libfreetype.so.6.8.0
8c81a000-8c911000 r-xp 00000000 08:06 1452961    /lib/i386-linux-gnu/libglib-2.0.so.0.3200.4
8c911000-8c912000 r--p 000f6000 08:06 1452961    /lib/i386-linux-gnu/libglib-2.0.so.0.3200.4
8c912000-8c913000 rw-p 000f7000 08:06 1452961    /lib/i386-linux-gnu/libglib-2.0.so.0.3200.4
8c913000-8c960000 r-xp 00000000 08:06 264162     /usr/lib/i386-linux-gnu/libgobject-2.0.so.0.3200.4
8c960000-8c961000 r--p 0004c000 08:06 264162     /usr/lib/i386-linux-gnu/libgobject-2.0.so.0.3200.4
8c961000-8c962000 rw-p 0004d000 08:06 264162     /usr/lib/i386-linux-gnu/libgobject-2.0.so.0.3200.4
8c962000-8c994000 r-xp 00000000 08:06 265215     /usr/lib/i386-linux-gnu/libfontconfig.so.1.4.4
8c994000-8c995000 r--p 00032000 08:06 265215     /usr/lib/i386-linux-gnu/libfontconfig.so.1.4.4
8c995000-8c996000 rw-p 00033000 08:06 265215     /usr/lib/i386-linux-gnu/libfontconfig.so.1.4.4
8c996000-8c9dd000 r-xp 00000000 08:06 266638     /usr/lib/i386-linux-gnu/libpango-1.0.so.0.3000.0
8c9dd000-8c9de000 ---p 00047000 08:06 266638     /usr/lib/i386-linux-gnu/libpango-1.0.so.0.3000.0
8c9de000-8c9df000 r--p 00047000 08:06 266638     /usr/lib/i386-linux-gnu/libpango-1.0.so.0.3000.0
8c9df000-8c9e0000 rw-p 00048000 08:06 266638     /usr/lib/i386-linux-gnu/libpango-1.0.so.0.3000.0
8c9e0000-8ca0a000 r-xp 00000000 08:06 266642     /usr/lib/i386-linux-gnu/libpangoft2-1.0.so.0.3000.0
8ca0a000-8ca0b000 r--p 00029000 08:06 266642     /usr/lib/i386-linux-gnu/libpangoft2-1.0.so.0.3000.0
8ca0b000-8ca0c000 rw-p 0002a000 08:06 266642     /usr/lib/i386-linux-gnu/libpangoft2-1.0.so.0.3000.0
8ca0c000-8cb5f000 r-xp 00000000 08:06 264180     /usr/lib/i386-linux-gnu/libgio-2.0.so.0.3200.4
8cb5f000-8cb61000 r--p 00153000 08:06 264180     /usr/lib/i386-linux-gnu/libgio-2.0.so.0.3200.4
8cb61000-8cb62000 rw-p 00155000 08:06 264180     /usr/lib/i386-linux-gnu/libgio-2.0.so.0.3200.4
8cb62000-8cb63000 rw-p 00000000 00:00 0 
8cb63000-8cb82000 r-xp 00000000 08:06 284306     /usr/lib/i386-linux-gnu/libgdk_pixbuf-2.0.so.0.2600.1
8cb82000-8cb83000 r--p 0001e000 08:06 284306     /usr/lib/i386-linux-gnu/libgdk_pixbuf-2.0.so.0.2600.1
8cb83000-8cb84000 rw-p 0001f000 08:06 284306     /usr/lib/i386-linux-gnu/libgdk_pixbuf-2.0.so.0.2600.1
8cb84000-8cc4b000 r-xp 00000000 08:06 266313     /usr/lib/i386-linux-gnu/libcairo.so.2.11000.2
8cc4b000-8cc4c000 r--p 000c7000 08:06 266313     /usr/lib/i386-linux-gnu/libcairo.so.2.11000.2
8cc4c000-8cc4d000 rw-p 000c8000 08:06 266313     /usr/lib/i386-linux-gnu/libcairo.so.2.11000.2
8cc4d000-8cc4f000 rw-p 00000000 00:00 0 
8cc4f000-8cc6c000 r-xp 00000000 08:06 266275     /usr/lib/i386-linux-gnu/libatk-1.0.so.0.20409.1
8cc6c000-8cc6e000 r--p 0001c000 08:06 266275     /usr/lib/i386-linux-gnu/libatk-1.0.so.0.20409.1
8cc6e000-8cc6f000 rw-p 0001e000 08:06 266275     /usr/lib/i386-linux-gnu/libatk-1.0.so.0.20409.1
8cc6f000-8cd1a000 r-xp 00000000 08:06 275464     /usr/lib/i386-linux-gnu/libgdk-x11-2.0.so.0.2400.10
8cd1a000-8cd1b000 ---p 000ab000 08:06 275464     /usr/lib/i386-linux-gnu/libgdk-x11-2.0.so.0.2400.10
8cd1b000-8cd1d000 r--p 000ab000 08:06 275464     /usr/lib/i386-linux-gnu/libgdk-x11-2.0.so.0.2400.10
8cd1d000-8cd1e000 rw-p 000ad000 08:06 275464     /usr/lib/i386-linux-gnu/libgdk-x11-2.0.so.0.2400.10
8cd1e000-8d17e000 r-xp 00000000 08:06 266413     /usr/lib/i386-linux-gnu/libgtk-x11-2.0.so.0.2400.10
8d17e000-8d182000 r--p 00460000 08:06 266413     /usr/lib/i386-linux-gnu/libgtk-x11-2.0.so.0.2400.10
8d182000-8d184000 rw-p 00464000 08:06 266413     /usr/lib/i386-linux-gnu/libgtk-x11-2.0.so.0.2400.10
8d184000-8d186000 rw-p 00000000 00:00 0 
8d186000-8d189000 ---p 00000000 00:00 0 
8d189000-8d1d7000 rw-p 00000000 00:00 0 
8d1d7000-8d1da000 ---p 00000000 00:00 0 
8d1da000-8d228000 rw-p 00000000 00:00 0 
8d228000-8d22b000 ---p 00000000 00:00 0 
8d22b000-8d279000 rw-p 00000000 00:00 0 
8d279000-8d27c000 ---p 00000000 00:00 0 
8d27c000-8d2ca000 rw-p 00000000 00:00 0 
8d2ca000-8d2cd000 ---p 00000000 00:00 0 
8d2cd000-8d31b000 rw-p 00000000 00:00 0 
8d31b000-8d44b000 r-xp 00000000 08:06 262277     /usr/lib/i386-linux-gnu/libX11.so.6.3.0
8d44b000-8d44c000 r--p 0012f000 08:06 262277     /usr/lib/i386-linux-gnu/libX11.so.6.3.0
8d44c000-8d44e000 rw-p 00130000 08:06 262277     /usr/lib/i386-linux-gnu/libX11.so.6.3.0
8d44e000-8d44f000 rw-p 00000000 00:00 0 
8d44f000-8d4d5000 r-xp 00000000 08:06 575776     /home/nicolas/jmonkeyplatform/jdk/jre/lib/i386/libawt.so
8d4d5000-8d4dc000 rw-p 00086000 08:06 575776     /home/nicolas/jmonkeyplatform/jdk/jre/lib/i386/libawt.so
8d4dc000-8d500000 rw-p 00000000 00:00 0 
8d500000-8d600000 rw-p 00000000 00:00 0 
8d600000-8d603000 r--s 00000000 08:06 409360     /var/cache/fontconfig/385c0604a188198f04d133e54aba7fe7-le32d4.cache-3
8d603000-8d608000 r-xp 00000000 08:06 267317     /usr/lib/i386-linux-gnu/gtk-2.0/modules/libcanberra-gtk-module.so
8d608000-8d609000 r--p 00004000 08:06 267317     /usr/lib/i386-linux-gnu/gtk-2.0/modules/libcanberra-gtk-module.so
8d609000-8d60a000 rw-p 00005000 08:06 267317     /usr/lib/i386-linux-gnu/gtk-2.0/modules/libcanberra-gtk-module.so
8d60a000-8d60f000 r-xp 00000000 08:06 266401     /usr/lib/i386-linux-gnu/libffi.so.6.0.0
8d60f000-8d610000 r--p 00004000 08:06 266401     /usr/lib/i386-linux-gnu/libffi.so.6.0.0
8d610000-8d611000 rw-p 00005000 08:06 266401     /usr/lib/i386-linux-gnu/libffi.so.6.0.0
8d611000-8d618000 r-xp 00000000 08:06 266242     /usr/lib/i386-linux-gnu/libXrandr.so.2.2.0
8d618000-8d619000 r--p 00006000 08:06 266242     /usr/lib/i386-linux-gnu/libXrandr.so.2.2.0
8d619000-8d61a000 rw-p 00007000 08:06 266242     /usr/lib/i386-linux-gnu/libXrandr.so.2.2.0
8d61a000-8d61e000 r-xp 00000000 08:06 266317     /usr/lib/i386-linux-gnu/libcanberra-gtk.so.0.1.8
8d61e000-8d61f000 r--p 00003000 08:06 266317     /usr/lib/i386-linux-gnu/libcanberra-gtk.so.0.1.8
8d61f000-8d620000 rw-p 00004000 08:06 266317     /usr/lib/i386-linux-gnu/libcanberra-gtk.so.0.1.8
8d620000-8d62f000 r--p 00000000 08:06 537640     /usr/share/locale-langpack/es/LC_MESSAGES/gtk20.mo
8d62f000-8d678000 r-xp 00000000 08:06 575820     /home/nicolas/jmonkeyplatform/jdk/jre/lib/i386/xawt/libmawt.so
8d678000-8d67a000 rw-p 00049000 08:06 575820     /home/nicolas/jmonkeyplatform/jdk/jre/lib/i386/xawt/libmawt.so
8d67a000-8d67b000 rw-p 00000000 00:00 0 
8d67b000-8d67c000 ---p 00000000 00:00 0 
8d67c000-8d6fc000 rw-p 00000000 00:00 0 
8d6fc000-8d6ff000 ---p 00000000 00:00 0 
8d6ff000-8d74d000 rw-p 00000000 00:00 0 
8d74d000-8d750000 ---p 00000000 00:00 0 
8d750000-8d7ce000 rw-p 00000000 00:00 0 
8d7ce000-8d900000 r--p 005e3000 08:06 269989     /usr/lib/locale/locale-archive
8d900000-8db00000 r--p 00000000 08:06 269989     /usr/lib/locale/locale-archive
8db00000-8dbff000 rw-p 00000000 00:00 0 
8dbff000-8dc00000 ---p 00000000 00:00 0 
8dc00000-8dc04000 r--p 00000000 08:06 178331     /home/nicolas/.config/dconf/user
8dc04000-8dc07000 r-xp 00000000 08:06 264620     /usr/lib/i386-linux-gnu/libgmodule-2.0.so.0.3200.4
8dc07000-8dc08000 r--p 00002000 08:06 264620     /usr/lib/i386-linux-gnu/libgmodule-2.0.so.0.3200.4
8dc08000-8dc09000 rw-p 00003000 08:06 264620     /usr/lib/i386-linux-gnu/libgmodule-2.0.so.0.3200.4
8dc09000-8dc2e000 r--p 00000000 08:06 543153     /usr/share/locale-langpack/es/LC_MESSAGES/libc.mo
8dc2e000-8dc31000 ---p 00000000 00:00 0 
8dc31000-8dcaf000 rw-p 00000000 00:00 0 
8dcaf000-8dcb2000 ---p 00000000 00:00 0 
8dcb2000-8dd00000 rw-p 00000000 00:00 0 
8dd00000-8de00000 rw-p 00000000 00:00 0 
8de00000-8de03000 r--s 00000000 08:06 404604     /var/cache/fontconfig/8801497958630a81b71ace7c5f9b32a8-le32d4.cache-3
8de03000-8de0b000 r-xp 00000000 08:06 263969     /usr/lib/i386-linux-gnu/libxcb-render.so.0.0.0
8de0b000-8de0c000 r--p 00008000 08:06 263969     /usr/lib/i386-linux-gnu/libxcb-render.so.0.0.0
8de0c000-8de0d000 rw-p 00009000 08:06 263969     /usr/lib/i386-linux-gnu/libxcb-render.so.0.0.0
8de0d000-8de2c000 r-xp 00000000 08:06 270372     /usr/lib/i386-linux-gnu/libxcb.so.1.1.0
8de2c000-8de2d000 r--p 0001f000 08:06 270372     /usr/lib/i386-linux-gnu/libxcb.so.1.1.0
8de2d000-8de2e000 rw-p 00020000 08:06 270372     /usr/lib/i386-linux-gnu/libxcb.so.1.1.0
8de2e000-8de31000 ---p 00000000 00:00 0 
8de31000-8de7f000 rw-p 00000000 00:00 0 
8de7f000-8de80000 ---p 00000000 00:00 0 
8de80000-8df00000 rw-p 00000000 00:00 0 
8df00000-8e000000 rw-p 00000000 00:00 0 
8e000000-8e001000 r--s 00000000 08:06 394116     /var/cache/fontconfig/4794a0821666d79190d59a36cb4f44b5-le32d4.cache-3
8e001000-8e003000 r-xp 00000000 08:06 266211     /usr/lib/i386-linux-gnu/libxcb-shm.so.0.0.0
8e003000-8e004000 r--p 00001000 08:06 266211     /usr/lib/i386-linux-gnu/libxcb-shm.so.0.0.0
8e004000-8e005000 rw-p 00002000 08:06 266211     /usr/lib/i386-linux-gnu/libxcb-shm.so.0.0.0
8e005000-8e010000 r-xp 00000000 08:06 266640     /usr/lib/i386-linux-gnu/libpangocairo-1.0.so.0.3000.0
8e010000-8e011000 r--p 0000a000 08:06 266640     /usr/lib/i386-linux-gnu/libpangocairo-1.0.so.0.3000.0
8e011000-8e012000 rw-p 0000b000 08:06 266640     /usr/lib/i386-linux-gnu/libpangocairo-1.0.so.0.3000.0
8e012000-8e05d000 rw-p 00000000 00:00 0 
8e05d000-8e21a000 r--s 039bf000 08:06 575915     /home/nicolas/jmonkeyplatform/jdk/jre/lib/rt.jar
8e21a000-8f600000 rw-p 00000000 00:00 0 
8f600000-8f6fb000 rw-p 00000000 00:00 0 
8f6fb000-8f700000 ---p 00000000 00:00 0 
8f700000-8f702000 r--s 00000000 08:06 397451     /var/cache/fontconfig/e13b20fdb08344e0e664864cc2ede53d-le32d4.cache-3
8f702000-8f706000 r-xp 00000000 08:06 263304     /usr/lib/i386-linux-gnu/libXfixes.so.3.1.0
8f706000-8f707000 r--p 00004000 08:06 263304     /usr/lib/i386-linux-gnu/libXfixes.so.3.1.0
8f707000-8f708000 rw-p 00005000 08:06 263304     /usr/lib/i386-linux-gnu/libXfixes.so.3.1.0
8f708000-8f70b000 r--s 00000000 08:06 403123     /var/cache/fontconfig/7ef2298fde41cc6eeb7af42e48b7d293-le32d4.cache-3
8f70b000-8f70d000 r-xp 00000000 08:06 266225     /usr/lib/i386-linux-gnu/libXdamage.so.1.1.0
8f70d000-8f70e000 r--p 00001000 08:06 266225     /usr/lib/i386-linux-gnu/libXdamage.so.1.1.0
8f70e000-8f70f000 rw-p 00002000 08:06 266225     /usr/lib/i386-linux-gnu/libXdamage.so.1.1.0
8f70f000-8f711000 r-xp 00000000 08:06 266221     /usr/lib/i386-linux-gnu/libXcomposite.so.1.0.0
8f711000-8f712000 r--p 00001000 08:06 266221     /usr/lib/i386-linux-gnu/libXcomposite.so.1.0.0
8f712000-8f713000 rw-p 00002000 08:06 266221     /usr/lib/i386-linux-gnu/libXcomposite.so.1.0.0
8f713000-8f71d000 r--s 00250000 08:06 575835     /home/nicolas/jmonkeyplatform/jdk/jre/lib/resources.jar
8f71d000-8f72c000 r-xp 00000000 08:06 261832     /usr/lib/i386-linux-gnu/libXi.so.6.1.0
8f72c000-8f72d000 r--p 0000e000 08:06 261832     /usr/lib/i386-linux-gnu/libXi.so.6.1.0
8f72d000-8f72e000 rw-p 0000f000 08:06 261832     /usr/lib/i386-linux-gnu/libXi.so.6.1.0
8f72e000-8f731000 ---p 00000000 00:00 0 
8f731000-8f77f000 rw-p 00000000 00:00 0 
8f77f000-8f780000 ---p 00000000 00:00 0 
8f780000-8f800000 rw-p 00000000 00:00 0 
8f800000-8f821000 rw-p 00000000 00:00 0 
8f821000-8f900000 ---p 00000000 00:00 0 
8f900000-8f921000 rw-p 00000000 00:00 0 
8f921000-8fa00000 ---p 00000000 00:00 0 
8fa00000-8fa02000 r-xp 00000000 08:06 266234     /usr/lib/i386-linux-gnu/libXinerama.so.1.0.0
8fa02000-8fa03000 r--p 00001000 08:06 266234     /usr/lib/i386-linux-gnu/libXinerama.so.1.0.0
8fa03000-8fa04000 rw-p 00002000 08:06 266234     /usr/lib/i386-linux-gnu/libXinerama.so.1.0.0
8fa04000-8fa09000 r-xp 00000000 08:06 266227     /usr/lib/i386-linux-gnu/libXdmcp.so.6.0.0
8fa09000-8fa0a000 r--p 00004000 08:06 266227     /usr/lib/i386-linux-gnu/libXdmcp.so.6.0.0
8fa0a000-8fa0b000 rw-p 00005000 08:06 266227     /usr/lib/i386-linux-gnu/libXdmcp.so.6.0.0
8fa0b000-8fa10000 r-xp 00000000 08:06 266250     /usr/lib/i386-linux-gnu/libXtst.so.6.1.0
8fa10000-8fa11000 r--p 00004000 08:06 266250     /usr/lib/i386-linux-gnu/libXtst.so.6.1.0
8fa11000-8fa12000 rw-p 00005000 08:06 266250     /usr/lib/i386-linux-gnu/libXtst.so.6.1.0
8fa12000-8fa22000 r-xp 00000000 08:06 266213     /usr/lib/i386-linux-gnu/libXext.so.6.4.0
8fa22000-8fa23000 r--p 0000f000 08:06 266213     /usr/lib/i386-linux-gnu/libXext.so.6.4.0
8fa23000-8fa24000 rw-p 00010000 08:06 266213     /usr/lib/i386-linux-gnu/libXext.so.6.4.0
8fa24000-8fa7f000 rw-p 00000000 00:00 0 
8fa7f000-8fa80000 ---p 00000000 00:00 0 
8fa80000-8fb00000 rw-p 00000000 00:00 0 
8fb00000-8fb21000 rw-p 00000000 00:00 0 
8fb21000-8fc00000 ---p 00000000 00:00 0 
8fc00000-8fc01000 r--s 00000000 08:06 403147     /var/cache/fontconfig/56cf4f4769d0f4abc89a4895d7bd3ae1-le32d4.cache-3
8fc01000-8fc03000 r-xp 00000000 08:06 266216     /usr/lib/i386-linux-gnu/libXau.so.6.0.0
8fc03000-8fc04000 r--p 00001000 08:06 266216     /usr/lib/i386-linux-gnu/libXau.so.6.0.0
8fc04000-8fc05000 rw-p 00002000 08:06 266216     /usr/lib/i386-linux-gnu/libXau.so.6.0.0
8fc05000-8fc0d000 r-xp 00000000 08:06 266256     /usr/lib/i386-linux-gnu/libXrender.so.1.3.0
8fc0d000-8fc0e000 r--p 00007000 08:06 266256     /usr/lib/i386-linux-gnu/libXrender.so.1.3.0
8fc0e000-8fc0f000 rw-p 00008000 08:06 266256     /usr/lib/i386-linux-gnu/libXrender.so.1.3.0
8fc0f000-8fc10000 r-xp 00000000 08:06 264433     /usr/lib/i386-linux-gnu/libgthread-2.0.so.0.3200.4
8fc10000-8fc11000 r--p 00000000 08:06 264433     /usr/lib/i386-linux-gnu/libgthread-2.0.so.0.3200.4
8fc11000-8fc12000 rw-p 00001000 08:06 264433     /usr/lib/i386-linux-gnu/libgthread-2.0.so.0.3200.4
8fc12000-8fc1b000 r-xp 00000000 08:06 266248     /usr/lib/i386-linux-gnu/libXcursor.so.1.0.2
8fc1b000-8fc1c000 r--p 00008000 08:06 266248     /usr/lib/i386-linux-gnu/libXcursor.so.1.0.2
8fc1c000-8fc1d000 rw-p 00009000 08:06 266248     /usr/lib/i386-linux-gnu/libXcursor.so.1.0.2
8fc1d000-8fc24000 r--s 00000000 08:06 326183     /usr/lib/i386-linux-gnu/gconv/gconv-modules.cache
8fc24000-8fc2f000 r--s 0037c000 08:06 575920     /home/nicolas/jmonkeyplatform/jdk/jre/lib/charsets.jar
8fc2f000-8fc33000 r--s 000f7000 08:06 575905     /home/nicolas/jmonkeyplatform/jdk/jre/lib/ext/localedata.jar
8fc33000-8fc3a000 r--s 0286f000 08:06 446058     /home/nicolas/jmonkeyplatform/jmonkeyplatform/libs/jME3-testdata.jar
8fc3a000-8fc3b000 ---p 00000000 00:00 0 
8fc3b000-8fcbb000 rw-p 00000000 00:00 0 
8fcbb000-8fcbc000 ---p 00000000 00:00 0 
8fcbc000-8fd47000 rw-p 00000000 00:00 0 
8fd47000-8fde4000 rw-p 00000000 00:00 0 
8fde4000-8fdec000 rw-p 00000000 00:00 0 
8fdec000-8fe04000 rw-p 00000000 00:00 0 
8fe04000-8fe0f000 rw-p 00000000 00:00 0 
8fe0f000-8feab000 rw-p 00000000 00:00 0 
8feab000-8feb5000 rw-p 00000000 00:00 0 
8feb5000-8feff000 rw-p 00000000 00:00 0 
8feff000-90f00000 rw-p 00000000 00:00 0 
90f00000-93f00000 rw-p 00000000 00:00 0 
93f00000-953c0000 rw-p 00000000 00:00 0 
953c0000-a8d80000 rw-p 00000000 00:00 0 
a8d80000-aa000000 rw-p 00000000 00:00 0 
aa000000-b3500000 rw-p 00000000 00:00 0 
b3500000-b3501000 r--s 00000000 08:06 403142     /var/cache/fontconfig/b9d506c9ac06c20b433354fa67a72993-le32d4.cache-3
b3501000-b3504000 r--s 0001a000 08:06 446084     /home/nicolas/jmonkeyplatform/jmonkeyplatform/libs/xmlpull-xpp3.jar
b3504000-b350c000 r--s 00039000 08:06 445856     /home/nicolas/jmonkeyplatform/jmonkeyplatform/libs/nifty-default-controls.jar
b350c000-b3518000 r--s 00076000 08:06 446255     /home/nicolas/jmonkeyplatform/jmonkeyplatform/libs/nifty.jar
b3518000-b3522000 r--s 00079000 08:06 446212     /home/nicolas/jmonkeyplatform/jmonkeyplatform/libs/jbullet.jar
b3522000-b352b000 rw-p 00000000 00:00 0 
b352b000-b35e2000 rw-p 00000000 00:00 0 
b35e2000-b3822000 rwxp 00000000 00:00 0 
b3822000-b65e2000 rw-p 00000000 00:00 0 
b65e2000-b65e9000 r-xp 00000000 08:06 1482427    /lib/i386-linux-gnu/libnss_compat-2.15.so
b65e9000-b65ea000 r--p 00006000 08:06 1482427    /lib/i386-linux-gnu/libnss_compat-2.15.so
b65ea000-b65eb000 rw-p 00007000 08:06 1482427    /lib/i386-linux-gnu/libnss_compat-2.15.so
b65eb000-b65ec000 r--s 00000000 08:06 162623     /home/nicolas/.cache/dconf/user
b65ec000-b65ee000 r--s 00012000 08:06 446185     /home/nicolas/jmonkeyplatform/jmonkeyplatform/libs/eventbus.jar
b65ee000-b65f2000 r--s 00025000 08:06 446077     /home/nicolas/jmonkeyplatform/jmonkeyplatform/libs/jME3-jbullet.jar
b65f2000-b6600000 r--s 000e2000 08:06 446251     /home/nicolas/jmonkeyplatform/jmonkeyplatform/libs/lwjgl.jar
b6600000-b66f6000 rw-p 00000000 00:00 0 
b66f6000-b6700000 ---p 00000000 00:00 0 
b6700000-b6702000 r--s 00010000 08:06 445976     /home/nicolas/jmonkeyplatform/jmonkeyplatform/libs/nifty-style-black.jar
b6702000-b6703000 r--s 00008000 08:06 446055     /home/nicolas/jmonkeyplatform/jmonkeyplatform/libs/jME3-niftygui.jar
b6703000-b6704000 r--s 0000b000 08:06 446112     /home/nicolas/jmonkeyplatform/jmonkeyplatform/libs/stack-alloc.jar
b6704000-b6706000 r--s 0003c000 08:06 446215     /home/nicolas/jmonkeyplatform/jmonkeyplatform/libs/vecmath.jar
b6706000-b670a000 r--s 00030000 08:06 446234     /home/nicolas/jmonkeyplatform/jmonkeyplatform/libs/jinput.jar
b670a000-b670c000 r--s 00243000 08:06 445962     /home/nicolas/jmonkeyplatform/jmonkeyplatform/libs/jME3-lwjgl-natives.jar
b670c000-b671d000 r--s 0011b000 08:06 446159     /home/nicolas/jmonkeyplatform/jmonkeyplatform/libs/jME3-core.jar
b671d000-b6733000 rw-p 00000000 00:00 0 
b6733000-b674b000 rw-p 00000000 00:00 0 
b674b000-b6762000 r-xp 00000000 08:06 575808     /home/nicolas/jmonkeyplatform/jdk/jre/lib/i386/libzip.so
b6762000-b6763000 rw-p 00017000 08:06 575808     /home/nicolas/jmonkeyplatform/jdk/jre/lib/i386/libzip.so
b6763000-b676e000 r-xp 00000000 08:06 1482406    /lib/i386-linux-gnu/libnss_files-2.15.so
b676e000-b676f000 r--p 0000a000 08:06 1482406    /lib/i386-linux-gnu/libnss_files-2.15.so
b676f000-b6770000 rw-p 0000b000 08:06 1482406    /lib/i386-linux-gnu/libnss_files-2.15.so
b6770000-b677a000 r-xp 00000000 08:06 1482401    /lib/i386-linux-gnu/libnss_nis-2.15.so
b677a000-b677b000 r--p 00009000 08:06 1482401    /lib/i386-linux-gnu/libnss_nis-2.15.so
b677b000-b677c000 rw-p 0000a000 08:06 1482401    /lib/i386-linux-gnu/libnss_nis-2.15.so
b677c000-b677e000 r--s 00017000 08:06 446141     /home/nicolas/jmonkeyplatform/jmonkeyplatform/libs/jME3-lwjgl.jar
b677e000-b6782000 r--s 00023000 08:06 446085     /home/nicolas/jmonkeyplatform/jmonkeyplatform/libs/jME3-terrain.jar
b6782000-b6783000 r--s 00009000 08:06 446056     /home/nicolas/jmonkeyplatform/jmonkeyplatform/libs/j-ogg-vorbisd.jar
b6783000-b6785000 r--s 00005000 08:06 446135     /home/nicolas/jmonkeyplatform/jmonkeyplatform/libs/j-ogg-oggd.jar
b6785000-b6786000 r--s 00002000 08:06 446163     /home/nicolas/jmonkeyplatform/jmonkeyplatform/libs/jME3-jogg.jar
b6786000-b6789000 r--s 0001c000 08:06 446010     /home/nicolas/jmonkeyplatform/jmonkeyplatform/libs/jME3-networking.jar
b6789000-b6791000 rw-s 00000000 08:06 1068325    /tmp/hsperfdata_nicolas/4349
b6791000-b67a7000 r-xp 00000000 08:06 1482421    /lib/i386-linux-gnu/libnsl-2.15.so
b67a7000-b67a8000 r--p 00015000 08:06 1482421    /lib/i386-linux-gnu/libnsl-2.15.so
b67a8000-b67a9000 rw-p 00016000 08:06 1482421    /lib/i386-linux-gnu/libnsl-2.15.so
b67a9000-b67ab000 rw-p 00000000 00:00 0 
b67ab000-b67ce000 r-xp 00000000 08:06 575809     /home/nicolas/jmonkeyplatform/jdk/jre/lib/i386/libjava.so
b67ce000-b67cf000 rw-p 00022000 08:06 575809     /home/nicolas/jmonkeyplatform/jdk/jre/lib/i386/libjava.so
b67cf000-b67d6000 r-xp 00000000 08:06 1482409    /lib/i386-linux-gnu/librt-2.15.so
b67d6000-b67d7000 r--p 00006000 08:06 1482409    /lib/i386-linux-gnu/librt-2.15.so
b67d7000-b67d8000 rw-p 00007000 08:06 1482409    /lib/i386-linux-gnu/librt-2.15.so
b67d8000-b67db000 ---p 00000000 00:00 0 
b67db000-b6829000 rw-p 00000000 00:00 0 
b6829000-b6853000 r-xp 00000000 08:06 1482423    /lib/i386-linux-gnu/libm-2.15.so
b6853000-b6854000 r--p 00029000 08:06 1482423    /lib/i386-linux-gnu/libm-2.15.so
b6854000-b6855000 rw-p 0002a000 08:06 1482423    /lib/i386-linux-gnu/libm-2.15.so
b6855000-b70cc000 r-xp 00000000 08:06 575813     /home/nicolas/jmonkeyplatform/jdk/jre/lib/i386/server/libjvm.so
b70cc000-b7130000 rw-p 00877000 08:06 575813     /home/nicolas/jmonkeyplatform/jdk/jre/lib/i386/server/libjvm.so
b7130000-b7554000 rw-p 00000000 00:00 0 
b7554000-b76f7000 r-xp 00000000 08:06 1482428    /lib/i386-linux-gnu/libc-2.15.so
b76f7000-b76f9000 r--p 001a3000 08:06 1482428    /lib/i386-linux-gnu/libc-2.15.so
b76f9000-b76fa000 rw-p 001a5000 08:06 1482428    /lib/i386-linux-gnu/libc-2.15.so
b76fa000-b76fd000 rw-p 00000000 00:00 0 
b76fd000-b7700000 r-xp 00000000 08:06 1482426    /lib/i386-linux-gnu/libdl-2.15.so
b7700000-b7701000 r--p 00002000 08:06 1482426    /lib/i386-linux-gnu/libdl-2.15.so
b7701000-b7702000 rw-p 00003000 08:06 1482426    /lib/i386-linux-gnu/libdl-2.15.so
b7702000-b7715000 r-xp 00000000 08:06 576436     /home/nicolas/jmonkeyplatform/jdk/lib/i386/jli/libjli.so
b7715000-b7716000 rw-p 00012000 08:06 576436     /home/nicolas/jmonkeyplatform/jdk/lib/i386/jli/libjli.so
b7716000-b7717000 rw-p 00000000 00:00 0 
b7717000-b772e000 r-xp 00000000 08:06 1482403    /lib/i386-linux-gnu/libpthread-2.15.so
b772e000-b772f000 r--p 00016000 08:06 1482403    /lib/i386-linux-gnu/libpthread-2.15.so
b772f000-b7730000 rw-p 00017000 08:06 1482403    /lib/i386-linux-gnu/libpthread-2.15.so
b7730000-b7732000 rw-p 00000000 00:00 0 
b7732000-b7735000 r--s 0007f000 08:06 446081     /home/nicolas/jmonkeyplatform/jmonkeyplatform/libs/jME3-effects.jar
b7735000-b7736000 r--s 00010000 08:06 446083     /home/nicolas/jmonkeyplatform/jmonkeyplatform/libs/jME3-plugins.jar
b7736000-b7739000 r--s 00035000 08:06 446078     /home/nicolas/jmonkeyplatform/jmonkeyplatform/libs/jME3-desktop.jar
b7739000-b773a000 rw-p 00000000 00:00 0 
b773a000-b773b000 r--p 00000000 00:00 0 
b773b000-b7746000 r-xp 00000000 08:06 575810     /home/nicolas/jmonkeyplatform/jdk/jre/lib/i386/libverify.so
b7746000-b7747000 rw-p 0000b000 08:06 575810     /home/nicolas/jmonkeyplatform/jdk/jre/lib/i386/libverify.so
b7747000-b7749000 rw-p 00000000 00:00 0 
b7749000-b774a000 r-xp 00000000 00:00 0          [vdso]
b774a000-b776a000 r-xp 00000000 08:06 1482411    /lib/i386-linux-gnu/ld-2.15.so
b776a000-b776b000 r--p 0001f000 08:06 1482411    /lib/i386-linux-gnu/ld-2.15.so
b776b000-b776c000 rw-p 00020000 08:06 1482411    /lib/i386-linux-gnu/ld-2.15.so
bfaab000-bfacc000 rw-p 00000000 00:00 0          [stack]

VM Arguments:
jvm_args: -Dfile.encoding=UTF-8 
java_command: mygame.Main
Launcher Type: SUN_STANDARD

Environment Variables:
PATH=/usr/lib/lightdm/lightdm:/usr/local/sbin:/usr/local/bin:/usr/sbin:/usr/bin:/sbin:/bin:/usr/games
LD_LIBRARY_PATH=/home/nicolas/jmonkeyplatform/bin/../jdk/jre/lib/amd64:/home/nicolas/jmonkeyplatform/bin/../jdk/jre/lib/i386:
SHELL=/bin/bash
DISPLAY=:0.0

Signal Handlers:
SIGSEGV: [libjvm.so+0x7dd5e0], sa_mask[0]=0x7ffbfeff, sa_flags=0x10000004
SIGBUS: [libjvm.so+0x7dd5e0], sa_mask[0]=0x7ffbfeff, sa_flags=0x10000004
SIGFPE: [libjvm.so+0x678d60], sa_mask[0]=0x7ffbfeff, sa_flags=0x10000004
SIGPIPE: SIG_IGN, sa_mask[0]=0x00001000, sa_flags=0x10000000
SIGXFSZ: [libjvm.so+0x678d60], sa_mask[0]=0x7ffbfeff, sa_flags=0x10000004
SIGILL: [libjvm.so+0x678d60], sa_mask[0]=0x7ffbfeff, sa_flags=0x10000004
SIGUSR1: SIG_DFL, sa_mask[0]=0x00000000, sa_flags=0x00000000
SIGUSR2: [libjvm.so+0x67a250], sa_mask[0]=0x00000004, sa_flags=0x10000004
SIGHUP: [libjvm.so+0x67b3a0], sa_mask[0]=0x7ffbfeff, sa_flags=0x10000004
SIGINT: SIG_IGN, sa_mask[0]=0x00000000, sa_flags=0x00000000
SIGTERM: [libjvm.so+0x67b3a0], sa_mask[0]=0x7ffbfeff, sa_flags=0x10000004
SIGQUIT: [libjvm.so+0x67b3a0], sa_mask[0]=0x7ffbfeff, sa_flags=0x10000004


---------------  S Y S T E M  ---------------

OS:wheezy/sid

uname:Linux 3.2.0-89-generic-pae #127-Ubuntu SMP Tue Jul 28 09:52:21 UTC 2015 i686
libc:glibc 2.15 NPTL 2.15 
rlimit: STACK 8192k, CORE 0k, NPROC 15911, NOFILE 4096, AS infinity
load average:0,12 0,65 0,71

/proc/meminfo:
MemTotal:        2051348 kB
MemFree:          802132 kB
Buffers:           76324 kB
Cached:           351340 kB
SwapCached:         4776 kB
Active:           591404 kB
Inactive:         565228 kB
Active(anon):     424896 kB
Inactive(anon):   425004 kB
Active(file):     166508 kB
Inactive(file):   140224 kB
Unevictable:          16 kB
Mlocked:              16 kB
HighTotal:       1173704 kB
HighFree:         430200 kB
LowTotal:         877644 kB
LowFree:          371932 kB
SwapTotal:       1309260 kB
SwapFree:        1255300 kB
Dirty:               232 kB
Writeback:             0 kB
AnonPages:        724152 kB
Mapped:            60480 kB
Shmem:            120932 kB
Slab:              65936 kB
SReclaimable:      46936 kB
SUnreclaim:        19000 kB
KernelStack:        3552 kB
PageTables:         8388 kB
NFS_Unstable:          0 kB
Bounce:                0 kB
WritebackTmp:          0 kB
CommitLimit:     2334932 kB
Committed_AS:    3247740 kB
VmallocTotal:     122880 kB
VmallocUsed:       11468 kB
VmallocChunk:     103492 kB
HardwareCorrupted:     0 kB
AnonHugePages:         0 kB
HugePages_Total:       0
HugePages_Free:        0
HugePages_Rsvd:        0
HugePages_Surp:        0
Hugepagesize:       2048 kB
DirectMap4k:       10232 kB
DirectMap2M:      903168 kB


CPU:total 4 (4 cores per cpu, 1 threads per core) family 6 model 15 stepping 11, cmov, cx8, fxsr, mmx, sse, sse2, sse3, ssse3, tsc

/proc/cpuinfo:
processor	: 0
vendor_id	: GenuineIntel
cpu family	: 6
model		: 15
model name	: Intel(R) Core(TM)2 Quad CPU    Q6600  @ 2.40GHz
stepping	: 11
microcode	: 0xb6
cpu MHz		: 2394.000
cache size	: 4096 KB
physical id	: 0
siblings	: 4
core id		: 0
cpu cores	: 4
apicid		: 0
initial apicid	: 0
fdiv_bug	: no
hlt_bug		: no
f00f_bug	: no
coma_bug	: no
fpu		: yes
fpu_exception	: yes
cpuid level	: 10
wp		: yes
flags		: fpu vme de pse tsc msr pae mce cx8 apic sep mtrr pge mca cmov pat pse36 clflush dts acpi mmx fxsr sse sse2 ss ht tm pbe nx lm constant_tsc arch_perfmon pebs bts aperfmperf pni dtes64 monitor ds_cpl vmx est tm2 ssse3 cx16 xtpr pdcm lahf_lm dtherm tpr_shadow vnmi flexpriority
bogomips	: 4775.61
clflush size	: 64
cache_alignment	: 64
address sizes	: 36 bits physical, 48 bits virtual
power management:

processor	: 1
vendor_id	: GenuineIntel
cpu family	: 6
model		: 15
model name	: Intel(R) Core(TM)2 Quad CPU    Q6600  @ 2.40GHz
stepping	: 11
microcode	: 0xb6
cpu MHz		: 2394.000
cache size	: 4096 KB
physical id	: 0
siblings	: 4
core id		: 2
cpu cores	: 4
apicid		: 2
initial apicid	: 2
fdiv_bug	: no
hlt_bug		: no
f00f_bug	: no
coma_bug	: no
fpu		: yes
fpu_exception	: yes
cpuid level	: 10
wp		: yes
flags		: fpu vme de pse tsc msr pae mce cx8 apic sep mtrr pge mca cmov pat pse36 clflush dts acpi mmx fxsr sse sse2 ss ht tm pbe nx lm constant_tsc arch_perfmon pebs bts aperfmperf pni dtes64 monitor ds_cpl vmx est tm2 ssse3 cx16 xtpr pdcm lahf_lm dtherm tpr_shadow vnmi flexpriority
bogomips	: 4775.99
clflush size	: 64
cache_alignment	: 64
address sizes	: 36 bits physical, 48 bits virtual
power management:

processor	: 2
vendor_id	: GenuineIntel
cpu family	: 6
model		: 15
model name	: Intel(R) Core(TM)2 Quad CPU    Q6600  @ 2.40GHz
stepping	: 11
microcode	: 0xb6
cpu MHz		: 1596.000
cache size	: 4096 KB
physical id	: 0
siblings	: 4
core id		: 1
cpu cores	: 4
apicid		: 1
initial apicid	: 1
fdiv_bug	: no
hlt_bug		: no
f00f_bug	: no
coma_bug	: no
fpu		: yes
fpu_exception	: yes
cpuid level	: 10
wp		: yes
flags		: fpu vme de pse tsc msr pae mce cx8 apic sep mtrr pge mca cmov pat pse36 clflush dts acpi mmx fxsr sse sse2 ss ht tm pbe nx lm constant_tsc arch_perfmon pebs bts aperfmperf pni dtes64 monitor ds_cpl vmx est tm2 ssse3 cx16 xtpr pdcm lahf_lm dtherm tpr_shadow vnmi flexpriority
bogomips	: 4775.99
clflush size	: 64
cache_alignment	: 64
address sizes	: 36 bits physical, 48 bits virtual
power management:

processor	: 3
vendor_id	: GenuineIntel
cpu family	: 6
model		: 15
model name	: Intel(R) Core(TM)2 Quad CPU    Q6600  @ 2.40GHz
stepping	: 11
microcode	: 0xb6
cpu MHz		: 1596.000
cache size	: 4096 KB
physical id	: 0
siblings	: 4
core id		: 3
cpu cores	: 4
apicid		: 3
initial apicid	: 3
fdiv_bug	: no
hlt_bug		: no
f00f_bug	: no
coma_bug	: no
fpu		: yes
fpu_exception	: yes
cpuid level	: 10
wp		: yes
flags		: fpu vme de pse tsc msr pae mce cx8 apic sep mtrr pge mca cmov pat pse36 clflush dts acpi mmx fxsr sse sse2 ss ht tm pbe nx lm constant_tsc arch_perfmon pebs bts aperfmperf pni dtes64 monitor ds_cpl vmx est tm2 ssse3 cx16 xtpr pdcm lahf_lm dtherm tpr_shadow vnmi flexpriority
bogomips	: 4775.95
clflush size	: 64
cache_alignment	: 64
address sizes	: 36 bits physical, 48 bits virtual
power management:



Memory: 4k page, physical 2051348k(802132k free), swap 1309260k(1255300k free)

vm_info: Java HotSpot(TM) Server VM (24.51-b03) for linux-x86 JRE (1.7.0_51-b13), built on Dec 18 2013 18:45:30 by "java_re" with gcc 4.3.0 20080428 (Red Hat 4.3.0-8)

time: Wed Sep  9 00:51:16 2015
elapsed time: 2 seconds

